  ADDR  |  HEX  |      BINARY      |  LN  |  ASSEMBLY
        |       |                  |    1 | .ORIG x3000
        |       |                  |    2 | 
 x3000  | xF029 | 1111000000101001 |    3 | TRAP x29               ; Get player's current position (R0 -> x, R1 -> y, R2 -> z)
        |       |                  |    4 | 
        |       |                  |    5 | ; Compute Manhattan distance to Point A
 x3001  | x2641 | 0010011001000001 |    6 | LD R3, A_X             ; Load Point A's x-coordinate
 x3002  | x98FF | 1001100011111111 |    7 | NOT R4, R3
 x3003  | x1921 | 0001100100100001 |    8 | ADD R4, R4, #1         ; Compute two's complement of A_X
 x3004  | x1B00 | 0001101100000000 |    9 | ADD R5, R4, R0         ; Compute (playerPos.x - A_X)
        |       |                  |   10 | 
 x3005  | x1160 | 0001000101100000 |   11 | ADD R0 , R5 , #0       ; Store in R0 for absolute value computation
 x3006  | x0602 | 0000011000000010 |   12 | BRzp SKIP_ABS_A_X
 x3007  | x903F | 1001000000111111 |   13 | NOT R0, R0             ; Compute absolute value of (playerPos.x - A_X)
 x3008  | x1021 | 0001000000100001 |   14 | ADD R0, R0, #1
        |       |                  |   15 | SKIP_ABS_A_X
        |       |                  |   16 | 
 x3009  | x263A | 0010011000111010 |   17 | LD R3, A_Y             ; Load Point A's y-coordinate
 x300A  | x98FF | 1001100011111111 |   18 | NOT R4, R3
 x300B  | x1921 | 0001100100100001 |   19 | ADD R4, R4, #1         ; Compute two's complement of A_Y
 x300C  | x1B01 | 0001101100000001 |   20 | ADD R5, R4, R1         ; Compute (playerPos.y - A_Y)
        |       |                  |   21 | 
 x300D  | x1360 | 0001001101100000 |   22 | ADD R1 , R5 , #0       ; Store in R1 for absolute value computation
 x300E  | x0602 | 0000011000000010 |   23 | BRzp SKIP_ABS_A_Y
 x300F  | x927F | 1001001001111111 |   24 | NOT R1, R1             ; Compute absolute value of (playerPos.y - A_Y)
 x3010  | x1261 | 0001001001100001 |   25 | ADD R1, R1, #1
        |       |                  |   26 | SKIP_ABS_A_Y
        |       |                  |   27 | 
 x3011  | x2633 | 0010011000110011 |   28 | LD R3, A_Z             ; Load Point A's z-coordinate
 x3012  | x98FF | 1001100011111111 |   29 | NOT R4, R3
 x3013  | x1921 | 0001100100100001 |   30 | ADD R4, R4, #1         ; Compute two's complement of A_Z
 x3014  | x1B02 | 0001101100000010 |   31 | ADD R5, R4, R2         ; Compute (playerPos.z - A_Z)
        |       |                  |   32 | 
 x3015  | x1560 | 0001010101100000 |   33 | ADD R2 , R5 , #0       ; Store in R2 for absolute value computation
 x3016  | x0602 | 0000011000000010 |   34 | BRzp SKIP_ABS_A_Z
 x3017  | x94BF | 1001010010111111 |   35 | NOT R2, R2             ; Compute absolute value of (playerPos.z - A_Z)
 x3018  | x14A1 | 0001010010100001 |   36 | ADD R2, R2, #1
        |       |                  |   37 | SKIP_ABS_A_Z
        |       |                  |   38 | 
 x3019  | x1C01 | 0001110000000001 |   39 | ADD R6, R0, R1         ; R6 = Manhattan distance to Point A (x + y)
 x301A  | x1D82 | 0001110110000010 |   40 | ADD R6, R6, R2         ; R6 = Manhattan distance to Point A (x + y + z)
        |       |                  |   41 | 
        |       |                  |   42 | ; Compute Manhattan distance to Point B
 x301B  | x262A | 0010011000101010 |   43 | LD R3, B_X             ; Load Point B's x-coordinate
 x301C  | x98FF | 1001100011111111 |   44 | NOT R4, R3
 x301D  | x1921 | 0001100100100001 |   45 | ADD R4, R4, #1         ; Compute two's complement of B_X
 x301E  | x1B00 | 0001101100000000 |   46 | ADD R5, R4, R0         ; Compute (playerPos.x - B_X)
        |       |                  |   47 | 
 x301F  | x1160 | 0001000101100000 |   48 | ADD R0 , R5 , #0       ; Store in R0 for absolute value computation
 x3020  | x0602 | 0000011000000010 |   49 | BRzp SKIP_ABS_B_X
 x3021  | x903F | 1001000000111111 |   50 | NOT R0, R0             ; Compute absolute value of (playerPos.x - B_X)
 x3022  | x1021 | 0001000000100001 |   51 | ADD R0, R0, #1
        |       |                  |   52 | SKIP_ABS_B_X
        |       |                  |   53 | 
 x3023  | x2623 | 0010011000100011 |   54 | LD R3, B_Y             ; Load Point B's y-coordinate
 x3024  | x98FF | 1001100011111111 |   55 | NOT R4, R3
 x3025  | x1921 | 0001100100100001 |   56 | ADD R4, R4, #1         ; Compute two's complement of B_Y
 x3026  | x1B01 | 0001101100000001 |   57 | ADD R5, R4, R1         ; Compute (playerPos.y - B_Y)
        |       |                  |   58 | 
 x3027  | x1360 | 0001001101100000 |   59 | ADD R1 , R5 , #0       ; Store in R1 for absolute value computation
 x3028  | x0602 | 0000011000000010 |   60 | BRzp SKIP_ABS_B_Y
 x3029  | x927F | 1001001001111111 |   61 | NOT R1, R1             ; Compute absolute value of (playerPos.y - B_Y)
 x302A  | x1261 | 0001001001100001 |   62 | ADD R1, R1, #1
        |       |                  |   63 | SKIP_ABS_B_Y
        |       |                  |   64 | 
 x302B  | x261C | 0010011000011100 |   65 | LD R3, B_Z             ; Load Point B's z-coordinate
 x302C  | x98FF | 1001100011111111 |   66 | NOT R4, R3
 x302D  | x1921 | 0001100100100001 |   67 | ADD R4, R4, #1         ; Compute two's complement of B_Z
 x302E  | x1B02 | 0001101100000010 |   68 | ADD R5, R4, R2         ; Compute (playerPos.z - B_Z)
        |       |                  |   69 | 
 x302F  | x1560 | 0001010101100000 |   70 | ADD R2 , R5 , #0       ; Store in R2 for absolute value computation
 x3030  | x0602 | 0000011000000010 |   71 | BRzp SKIP_ABS_B_Z
 x3031  | x94BF | 1001010010111111 |   72 | NOT R2, R2             ; Compute absolute value of (playerPos.z - B_Z)
 x3032  | x14A1 | 0001010010100001 |   73 | ADD R2, R2, #1
        |       |                  |   74 | SKIP_ABS_B_Z
        |       |                  |   75 | 
 x3033  | x1E01 | 0001111000000001 |   76 | ADD R7, R0, R1         ; R7 = Manhattan distance to Point B (x + y)
 x3034  | x1FC2 | 0001111111000010 |   77 | ADD R7, R7, R2         ; R7 = Manhattan distance to Point B (x + y + z)
        |       |                  |   78 | 
        |       |                  |   79 | ; Compare Manhattan distances
 x3035  | x97BF | 1001011110111111 |   80 | NOT R3, R6             ; R3 = -Distance_A
 x3036  | x16C7 | 0001011011000111 |   81 | ADD R3, R3, R7         ; R3 = Distance_B - Distance_A
        |       |                  |   82 | 
 x3037  | x0804 | 0000100000000100 |   83 | BRn CLOSER_TO_A        ; If Distance_A < Distance_B, player is closer to Point A
 x3038  | x0206 | 0000001000000110 |   84 | BRp CLOSER_TO_B        ; If Distance_B < Distance_A, player is closer to Point B
        |       |                  |   85 | 
        |       |                  |   86 | ; Output "The player is equally far from both points"
 x3039  | xE04F | 1110000001001111 |   87 | LEA R0, MSG_EQ
 x303A  | xF028 | 1111000000101000 |   88 | TRAP x28
 x303B  | x0E06 | 0000111000000110 |   89 | BR DONE
        |       |                  |   90 | 
        |       |                  |   91 | CLOSER_TO_A
 x303C  | xE00C | 1110000000001100 |   92 | LEA R0, MSG_A
 x303D  | xF028 | 1111000000101000 |   93 | TRAP x28
 x303E  | x0E03 | 0000111000000011 |   94 | BR DONE
        |       |                  |   95 | 
        |       |                  |   96 | CLOSER_TO_B
 x303F  | xE029 | 1110000000101001 |   97 | LEA R0, MSG_B
 x3040  | xF028 | 1111000000101000 |   98 | TRAP x28
 x3041  | x0E00 | 0000111000000000 |   99 | BR DONE
        |       |                  |  100 | 
        |       |                  |  101 | DONE
 x3042  | xF025 | 1111000000100101 |  102 | HALT
        |       |                  |  103 | 
        |       |                  |  104 | ; Data Section
 x3043  | x0001 | 0000000000000001 |  105 | A_X .FILL #1           ; Point A's x-coordinate
 x3044  | x0002 | 0000000000000010 |  106 | A_Y .FILL #2           ; Point A's y-coordinate
 x3045  | x0003 | 0000000000000011 |  107 | A_Z .FILL #3           ; Point A's z-coordinate
 x3046  | x0014 | 0000000000010100 |  108 | B_X .FILL #20          ; Point B's x-coordinate
 x3047  | x0020 | 0000000000100000 |  109 | B_Y .FILL #32          ; Point B's y-coordinate
 x3048  | xFFF8 | 1111111111111000 |  110 | B_Z .FILL #-8          ; Point B's z-coordinate
        |       |                  |  111 | 
 x3049  | x0054 | 0000000001010100 |  112 | MSG_A  .STRINGZ "The player is closer to Point A"
        | x0068 | 0000000001101000 |      |
        | x0065 | 0000000001100101 |      |
        | x0020 | 0000000000100000 |      |
        | x0070 | 0000000001110000 |      |
        | x006C | 0000000001101100 |      |
        | x0061 | 0000000001100001 |      |
        | x0079 | 0000000001111001 |      |
        | x0065 | 0000000001100101 |      |
        | x0072 | 0000000001110010 |      |
        | x0020 | 0000000000100000 |      |
        | x0069 | 0000000001101001 |      |
        | x0073 | 0000000001110011 |      |
        | x0020 | 0000000000100000 |      |
        | x0063 | 0000000001100011 |      |
        | x006C | 0000000001101100 |      |
        | x006F | 0000000001101111 |      |
        | x0073 | 0000000001110011 |      |
        | x0065 | 0000000001100101 |      |
        | x0072 | 0000000001110010 |      |
        | x0020 | 0000000000100000 |      |
        | x0074 | 0000000001110100 |      |
        | x006F | 0000000001101111 |      |
        | x0020 | 0000000000100000 |      |
        | x0050 | 0000000001010000 |      |
        | x006F | 0000000001101111 |      |
        | x0069 | 0000000001101001 |      |
        | x006E | 0000000001101110 |      |
        | x0074 | 0000000001110100 |      |
        | x0020 | 0000000000100000 |      |
        | x0041 | 0000000001000001 |      |
        | x0000 | 0000000000000000 |      |
 x3069  | x0054 | 0000000001010100 |  113 | MSG_B  .STRINGZ "The player is closer to Point B"
        | x0068 | 0000000001101000 |      |
        | x0065 | 0000000001100101 |      |
        | x0020 | 0000000000100000 |      |
        | x0070 | 0000000001110000 |      |
        | x006C | 0000000001101100 |      |
        | x0061 | 0000000001100001 |      |
        | x0079 | 0000000001111001 |      |
        | x0065 | 0000000001100101 |      |
        | x0072 | 0000000001110010 |      |
        | x0020 | 0000000000100000 |      |
        | x0069 | 0000000001101001 |      |
        | x0073 | 0000000001110011 |      |
        | x0020 | 0000000000100000 |      |
        | x0063 | 0000000001100011 |      |
        | x006C | 0000000001101100 |      |
        | x006F | 0000000001101111 |      |
        | x0073 | 0000000001110011 |      |
        | x0065 | 0000000001100101 |      |
        | x0072 | 0000000001110010 |      |
        | x0020 | 0000000000100000 |      |
        | x0074 | 0000000001110100 |      |
        | x006F | 0000000001101111 |      |
        | x0020 | 0000000000100000 |      |
        | x0050 | 0000000001010000 |      |
        | x006F | 0000000001101111 |      |
        | x0069 | 0000000001101001 |      |
        | x006E | 0000000001101110 |      |
        | x0074 | 0000000001110100 |      |
        | x0020 | 0000000000100000 |      |
        | x0042 | 0000000001000010 |      |
        | x0000 | 0000000000000000 |      |
 x3089  | x0054 | 0000000001010100 |  114 | MSG_EQ .STRINGZ "The player is equally far from both points"
        | x0068 | 0000000001101000 |      |
        | x0065 | 0000000001100101 |      |
        | x0020 | 0000000000100000 |      |
        | x0070 | 0000000001110000 |      |
        | x006C | 0000000001101100 |      |
        | x0061 | 0000000001100001 |      |
        | x0079 | 0000000001111001 |      |
        | x0065 | 0000000001100101 |      |
        | x0072 | 0000000001110010 |      |
        | x0020 | 0000000000100000 |      |
        | x0069 | 0000000001101001 |      |
        | x0073 | 0000000001110011 |      |
        | x0020 | 0000000000100000 |      |
        | x0065 | 0000000001100101 |      |
        | x0071 | 0000000001110001 |      |
        | x0075 | 0000000001110101 |      |
        | x0061 | 0000000001100001 |      |
        | x006C | 0000000001101100 |      |
        | x006C | 0000000001101100 |      |
        | x0079 | 0000000001111001 |      |
        | x0020 | 0000000000100000 |      |
        | x0066 | 0000000001100110 |      |
        | x0061 | 0000000001100001 |      |
        | x0072 | 0000000001110010 |      |
        | x0020 | 0000000000100000 |      |
        | x0066 | 0000000001100110 |      |
        | x0072 | 0000000001110010 |      |
        | x006F | 0000000001101111 |      |
        | x006D | 0000000001101101 |      |
        | x0020 | 0000000000100000 |      |
        | x0062 | 0000000001100010 |      |
        | x006F | 0000000001101111 |      |
        | x0074 | 0000000001110100 |      |
        | x0068 | 0000000001101000 |      |
        | x0020 | 0000000000100000 |      |
        | x0070 | 0000000001110000 |      |
        | x006F | 0000000001101111 |      |
        | x0069 | 0000000001101001 |      |
        | x006E | 0000000001101110 |      |
        | x0074 | 0000000001110100 |      |
        | x0073 | 0000000001110011 |      |
        | x0000 | 0000000000000000 |      |
        |       |                  |  115 | 
        |       |                  |  116 | .END
