  ADDR  |  HEX  |      BINARY      |  LN  |  ASSEMBLY
        |       |                  |    1 | .ORIG x3000
        |       |                  |    2 | 
 x3000  | xF029 | 1111000000101001 |    3 | TRAP x29               ; Get player's current position (R0 -> x, R1 -> y, R2 -> z)
 x3001  | x1022 | 0001000000100010 |    4 | ADD R0, R0, #2         ; Move 2 blocks ahead in x-direction
 x3002  | x280A | 0010100000001010 |    5 | LD R4, HEIGHT          ; Load the height constant (height = 5 blocks for the totem pole)
        |       |                  |    6 | 
        |       |                  |    7 | ; Block IDs to place (in an array-like structure)
 x3003  | x2C07 | 0010110000000111 |    8 | LD R6, BLOCK_ID_14     ; Start with Block ID 14 (first block)
 x3004  | x2E07 | 0010111000000111 |    9 | LD R7, BLOCK_ID_OFFSET ; Initialize block ID offset
        |       |                  |   10 | 
        |       |                  |   11 | ; Loop to place the blocks from ID #14 to ID #18, incrementing y position
        |       |                  |   12 | PLACE_BLOCKS
 x3005  | xF02C | 1111000000101100 |   13 |     TRAP x2C             ; Place block at (R0, R1, R2) with the current block ID in R3
 x3006  | x1261 | 0001001001100001 |   14 |     ADD R1, R1, #1       ; Move up one block (y+1)
        |       |                  |   15 |     
        |       |                  |   16 |     ; Update block ID for the next block
 x3007  | x1DA1 | 0001110110100001 |   17 |     ADD R6, R6, #1       ; Move to the next block ID (14 -> 15 -> 16 -> 17 -> 18)
        |       |                  |   18 | 
 x3008  | x193F | 0001100100111111 |   19 |     ADD R4, R4, #-1      ; Decrease height counter
 x3009  | x03FB | 0000001111111011 |   20 |     BRp PLACE_BLOCKS     ; Continue loop if more blocks need to be placed
        |       |                  |   21 | 
 x300A  | xF025 | 1111000000100101 |   22 |     HALT
        |       |                  |   23 | 
        |       |                  |   24 | ; Data Section
 x300B  | x000E | 0000000000001110 |   25 | BLOCK_ID_14     .FILL #14  ; Block ID for block type 14
 x300C  | x0001 | 0000000000000001 |   26 | BLOCK_ID_OFFSET .FILL #1   ; Offset between block IDs (14, 15, 16, 17, 18)
 x300D  | x0005 | 0000000000000101 |   27 | HEIGHT          .FILL #5   ; Target height for totem pole
        |       |                  |   28 | 
        |       |                  |   29 | .END
